{"message":"teammidas","level":"info"}
{"message":false,"level":"info"}
{"level":"info","message":[{"pass":"$2a$08$YnP/oKZVvVevg0q9KJWyUulq7Q4S0DWzzBqVblQIvo/zW6OI32UHO\r\n"}]}
{"message":[{"pass":"$2a$08$YnP/oKZVvVevg0q9KJWyUulq7Q4S0DWzzBqVblQIvo/zW6OI32UHO\r\n"}],"level":"info"}
{"message":"Midas.1$","level":"info"}
{"message":"$2a$08$YnP/oKZVvVevg0q9KJWyUulq7Q4S0DWzzBqVblQIvo/zW6OI32UHO\r\n","level":"info"}
{"message":"Midas.1$","level":"info"}
{"message":"$2a$08$2aQbGiuaUNHsBtou1Wa3O./GgwHRpY5PCRLhgIcQvBVmfOdwCyEF.","level":"info"}
{"message":"test","level":"info"}
{"message":"$2a$08$YnP/oKZVvVevg0q9KJWyUulq7Q4S0DWzzBqVblQIvo/zW6OI32UHO","level":"info"}
{"message":"Midas.1$","level":"info"}
{"message":"$2a$08$YnP/oKZVvVevg0q9KJWyUulq7Q4S0DWzzBqVblQIvo/zW6OI32UHO","level":"info"}
{"message":"Midas.1$","level":"info"}
{"message":"$2a$08$YnP/oKZVvVevg0q9KJWyUulq7Q4S0DWzzBqVblQIvo/zW6OI32UHO","level":"info"}
{"message":"Midas.1$","level":"info"}
{"level":"info","message":"XXX"}
{"message":{},"level":"info"}
{"message":{},"level":"info"}
{"message":{},"level":"info"}
{"message":{"first_name":"team","last_name":"midas","username":"Teammidas","pass":"Midas.1$"},"level":"info"}
{"message":{"first_name":"team","last_name":"midas","username":"Teammidas","password":"Midas.1$"},"level":"info"}
{"message":"$2a$08$DDK00EvUC/lDljd2joJXRuXujpc4SzUSYcxlUDHxqniUOxuBR/o76","level":"info"}
{"message":{"first_name":"team","last_name":"midas","username":"Midas","password":"Midas.1$"},"level":"info"}
{"message":"$2a$08$dOm9nZ.TbJjJTOeuygBuPu5mFjJz8IYrlcbBAdmZqPPGwlHrHv54q","level":"info"}
{"message":"$2a$08$YnP/oKZVvVevg0q9KJWyUulq7Q4S0DWzzBqVblQIvo/zW6OI32UHO","level":"info"}
{"message":"Midas.1$","level":"info"}
{"message":"$2a$08$YnP/oKZVvVevg0q9KJWyUulq7Q4S0DWzzBqVblQIvo/zW6OI32UHO","level":"info"}
{"message":"Midas.1$","level":"info"}
{"message":"$2a$08$YnP/oKZVvVevg0q9KJWyUulq7Q4S0DWzzBqVblQIvo/zW6OI32UHO","level":"info"}
{"message":"Midas.1$","level":"info"}
{"message":"$2a$08$YnP/oKZVvVevg0q9KJWyUulq7Q4S0DWzzBqVblQIvo/zW6OI32UHO","level":"info"}
{"message":"Midas.1$","level":"info"}
{"message":"$2a$08$YnP/oKZVvVevg0q9KJWyUulq7Q4S0DWzzBqVblQIvo/zW6OI32UHO","level":"info"}
{"message":"Midas.1$","level":"info"}
{"message":"$2a$08$YnP/oKZVvVevg0q9KJWyUulq7Q4S0DWzzBqVblQIvo/zW6OI32UHO","level":"info"}
{"message":"Midas.1$","level":"info"}
{"message":"$2a$08$2aQbGiuaUNHsBtou1Wa3O./GgwHRpY5PCRLhgIcQvBVmfOdwCyEF.","level":"info"}
{"message":"test","level":"info"}
{"message":"$2a$08$YnP/oKZVvVevg0q9KJWyUulq7Q4S0DWzzBqVblQIvo/zW6OI32UHO","level":"info"}
{"message":"Midas.1$","level":"info"}
{"message":"$2a$08$2aQbGiuaUNHsBtou1Wa3O./GgwHRpY5PCRLhgIcQvBVmfOdwCyEF.","level":"info"}
{"message":"test","level":"info"}
{"message":"$2a$08$YnP/oKZVvVevg0q9KJWyUulq7Q4S0DWzzBqVblQIvo/zW6OI32UHO","level":"info"}
{"message":"Midas.1$","level":"info"}
{"message":"$2a$08$YnP/oKZVvVevg0q9KJWyUulq7Q4S0DWzzBqVblQIvo/zW6OI32UHO","level":"info"}
{"message":"vicky123","level":"info"}
{"message":"$2a$08$YnP/oKZVvVevg0q9KJWyUulq7Q4S0DWzzBqVblQIvo/zW6OI32UHO","level":"info"}
{"message":"Midas.1$","level":"info"}
{"message":"$2a$08$YnP/oKZVvVevg0q9KJWyUulq7Q4S0DWzzBqVblQIvo/zW6OI32UHO","level":"info"}
{"message":"Midas.1$","level":"info"}
{"message":"$2a$08$YnP/oKZVvVevg0q9KJWyUulq7Q4S0DWzzBqVblQIvo/zW6OI32UHO","level":"info"}
{"message":"Midas.1$","level":"info"}
{"message":"$2a$08$YnP/oKZVvVevg0q9KJWyUulq7Q4S0DWzzBqVblQIvo/zW6OI32UHO","level":"info"}
{"message":"Midas.1$","level":"info"}
{"message":"$2a$08$YnP/oKZVvVevg0q9KJWyUulq7Q4S0DWzzBqVblQIvo/zW6OI32UHO","level":"info"}
{"message":"Midas.1$","level":"info"}
{"message":"$2a$08$YnP/oKZVvVevg0q9KJWyUulq7Q4S0DWzzBqVblQIvo/zW6OI32UHO","level":"info"}
{"message":"Midas.1$","level":"info"}
{"message":"$2a$08$YnP/oKZVvVevg0q9KJWyUulq7Q4S0DWzzBqVblQIvo/zW6OI32UHO","level":"info"}
{"message":"Midas.1$","level":"info"}
{"message":"$2a$08$YnP/oKZVvVevg0q9KJWyUulq7Q4S0DWzzBqVblQIvo/zW6OI32UHO","level":"info"}
{"message":"Midas.1$","level":"info"}
{"message":"$2a$08$YnP/oKZVvVevg0q9KJWyUulq7Q4S0DWzzBqVblQIvo/zW6OI32UHO","level":"info"}
{"message":"Midas.1$","level":"info"}
{"message":"$2a$08$YnP/oKZVvVevg0q9KJWyUulq7Q4S0DWzzBqVblQIvo/zW6OI32UHO","level":"info"}
{"message":"Midas.1$","level":"info"}
{"message":"$2a$08$YnP/oKZVvVevg0q9KJWyUulq7Q4S0DWzzBqVblQIvo/zW6OI32UHO","level":"info"}
{"message":"Midas.1$","level":"info"}
